android/app/build/outputs/logs/manifest-merger-debug-report.txt
-- Merging decision tree log ---
manifest
ADDED from src/main/AndroidManifest.xml:2:1-156:12
	xmlns:android
		ADDED from src/main/AndroidManifest.xml:2:11-69
	package
		ADDED from src/main/AndroidManifest.xml:3:5-29
		INJECTED from src/main/AndroidManifest.xml
		INJECTED from src/main/AndroidManifest.xml
	android:versionName
		INJECTED from src/main/AndroidManifest.xml
		INJECTED from src/main/AndroidManifest.xml
	android:versionCode
		INJECTED from src/main/AndroidManifest.xml
		INJECTED from src/main/AndroidManifest.xml
uses-permission#android.permission.MODIFY_AUDIO_SETTINGS
ADDED from src/main/AndroidManifest.xml:5:5-80
	android:name
		ADDED from src/main/AndroidManifest.xml:5:22-77
uses-permission#android.permission.RECORD_AUDIO
ADDED from src/main/AndroidManifest.xml:6:5-71
	android:name
		ADDED from src/main/AndroidManifest.xml:6:22-68
uses-permission#android.permission.ACCESS_NETWORK_STATE
ADDED from src/main/AndroidManifest.xml:7:5-79
	android:name
		ADDED from src/main/AndroidManifest.xml:7:22-76
uses-permission#android.permission.ACCESS_WIFI_STATE
ADDED from src/main/AndroidManifest.xml:8:5-76
	android:name
		ADDED from src/main/AndroidManifest.xml:8:22-73
uses-permission#android.permission.INTERNET
ADDED from src/main/AndroidManifest.xml:9:5-67
	android:name
		ADDED from src/main/AndroidManifest.xml:9:22-64
uses-permission#android.permission.MOUNT_UNMOUNT_FILESYSTEMS
ADDED from src/main/AndroidManifest.xml:10:5-84
	android:name
		ADDED from src/main/AndroidManifest.xml:10:22-81
uses-permission#android.permission.WRITE_EXTERNAL_STORAGE
ADDED from src/main/AndroidManifest.xml:11:5-81
	android:name
		ADDED from src/main/AndroidManifest.xml:11:22-78
uses-permission#android.permission.READ_PHONE_STATE
ADDED from src/main/AndroidManifest.xml:12:5-75
	android:name
		ADDED from src/main/AndroidManifest.xml:12:22-72
uses-permission#android.permission.GET_TASKS
ADDED from src/main/AndroidManifest.xml:13:5-68
	android:name
		ADDED from src/main/AndroidManifest.xml:13:22-65
uses-permission#android.permission.INTERACT_ACROSS_USERS_FULL
ADDED from src/main/AndroidManifest.xml:14:5-85
	android:name
		ADDED from src/main/AndroidManifest.xml:14:22-82
uses-permission#android.permission.VIBRATE
ADDED from src/main/AndroidManifest.xml:15:5-66
	android:name
		ADDED from src/main/AndroidManifest.xml:15:22-63
uses-permission#android.permission.WAKE_LOCK
ADDED from src/main/AndroidManifest.xml:16:5-68
	android:name
		ADDED from src/main/AndroidManifest.xml:16:22-65
uses-permission#android.permission.CALL_PHONE
ADDED from src/main/AndroidManifest.xml:17:5-69
	android:name
		ADDED from src/main/AndroidManifest.xml:17:22-66
uses-permission#android.permission.READ_EXTERNAL_STORAGE
ADDED from src/main/AndroidManifest.xml:18:5-19:38
	android:maxSdkVersion
		ADDED from src/main/AndroidManifest.xml:19:9-35
	android:name
		ADDED from src/main/AndroidManifest.xml:18:22-77
supports-screens
ADDED from src/main/AndroidManifest.xml:21:5-26:39
	android:resizeable
		ADDED from src/main/AndroidManifest.xml:25:9-34
	android:largeScreens
		ADDED from src/main/AndroidManifest.xml:23:9-36
	android:anyDensity
		ADDED from src/main/AndroidManifest.xml:22:9-34
	android:normalScreens
		ADDED from src/main/AndroidManifest.xml:24:9-37
	android:smallScreens
		ADDED from src/main/AndroidManifest.xml:26:9-36
application
ADDED from src/main/AndroidManifest.xml:28:5-154:19
MERGED from [tt-android:mgimlibs:unspecified] AndroidManifest.xml:11:5-12:19
MERGED from [com.android.support:appcompat-v7:19.1.0] AndroidManifest.xml:19:5-20
	android:label
		ADDED from src/main/AndroidManifest.xml:32:9-41
	android:icon
		ADDED from src/main/AndroidManifest.xml:30:9-41
	android:theme
		ADDED from src/main/AndroidManifest.xml:33:9-56
	android:largeHeap
		ADDED from src/main/AndroidManifest.xml:31:9-33
	android:name
		ADDED from src/main/AndroidManifest.xml:29:9-42
activity#com.mogujie.tt.ui.activity.MessageActivity
ADDED from src/main/AndroidManifest.xml:34:9-40:20
	android:screenOrientation
		ADDED from src/main/AndroidManifest.xml:39:13-49
	android:label
		ADDED from src/main/AndroidManifest.xml:37:13-45
	android:configChanges
		ADDED from src/main/AndroidManifest.xml:36:13-63
	android:name
		ADDED from src/main/AndroidManifest.xml:35:13-56
	android:launchMode
		ADDED from src/main/AndroidManifest.xml:38:13-44
activity#com.mogujie.tt.ui.activity.LoginActivity
ADDED from src/main/AndroidManifest.xml:41:9-51:20
	android:screenOrientation
		ADDED from src/main/AndroidManifest.xml:45:13-49
	android:label
		ADDED from src/main/AndroidManifest.xml:44:13-45
	android:configChanges
		ADDED from src/main/AndroidManifest.xml:43:13-63
	android:name
		ADDED from src/main/AndroidManifest.xml:42:13-54
intent-filter#android.intent.action.MAIN+android.intent.category.LAUNCHER
ADDED from src/main/AndroidManifest.xml:46:13-50:29
action#android.intent.action.MAIN
ADDED from src/main/AndroidManifest.xml:47:17-69
	android:name
		ADDED from src/main/AndroidManifest.xml:47:25-66
category#android.intent.category.LAUNCHER
ADDED from src/main/AndroidManifest.xml:49:17-77
	android:name
		ADDED from src/main/AndroidManifest.xml:49:27-74
activity#com.mogujie.tt.ui.activity.RegisterActivity
ADDED from src/main/AndroidManifest.xml:52:9-57:20
	android:screenOrientation
		ADDED from src/main/AndroidManifest.xml:56:13-49
	android:label
		ADDED from src/main/AndroidManifest.xml:55:13-45
	android:configChanges
		ADDED from src/main/AndroidManifest.xml:54:13-63
	android:name
		ADDED from src/main/AndroidManifest.xml:53:13-57
activity#com.mogujie.tt.ui.activity.ContactFragmentActivity
ADDED from src/main/AndroidManifest.xml:58:9-63:20
	android:screenOrientation
		ADDED from src/main/AndroidManifest.xml:62:13-49
	android:label
		ADDED from src/main/AndroidManifest.xml:61:13-49
	android:configChanges
		ADDED from src/main/AndroidManifest.xml:60:13-63
	android:name
		ADDED from src/main/AndroidManifest.xml:59:13-64
activity#com.mogujie.tt.ui.activity.MainActivity
ADDED from src/main/AndroidManifest.xml:64:9-69:20
	android:screenOrientation
		ADDED from src/main/AndroidManifest.xml:68:13-49
	android:configChanges
		ADDED from src/main/AndroidManifest.xml:66:13-63
	android:name
		ADDED from src/main/AndroidManifest.xml:65:13-53
	android:launchMode
		ADDED from src/main/AndroidManifest.xml:67:13-44
service#com.mogujie.tt.imservice.service.IMService
ADDED from src/main/AndroidManifest.xml:71:9-74:19
	android:exported
		ADDED from src/main/AndroidManifest.xml:73:13-37
	android:name
		ADDED from src/main/AndroidManifest.xml:72:13-56
service#com.mogujie.tt.imservice.service.LoadImageService
ADDED from src/main/AndroidManifest.xml:75:9-71
	android:name
		ADDED from src/main/AndroidManifest.xml:75:18-68
activity#com.mogujie.tt.ui.activity.PickPhotoActivity
ADDED from src/main/AndroidManifest.xml:77:9-82:20
	android:screenOrientation
		ADDED from src/main/AndroidManifest.xml:80:13-49
	android:configChanges
		ADDED from src/main/AndroidManifest.xml:79:13-63
	android:theme
		ADDED from src/main/AndroidManifest.xml:81:13-60
	android:name
		ADDED from src/main/AndroidManifest.xml:78:13-58
activity#com.mogujie.tt.ui.activity.ImageGridActivity
ADDED from src/main/AndroidManifest.xml:83:9-88:20
	android:screenOrientation
		ADDED from src/main/AndroidManifest.xml:86:13-49
	android:configChanges
		ADDED from src/main/AndroidManifest.xml:85:13-63
	android:theme
		ADDED from src/main/AndroidManifest.xml:87:13-60
	android:name
		ADDED from src/main/AndroidManifest.xml:84:13-58
activity#com.mogujie.tt.ui.activity.PreviewActivity
ADDED from src/main/AndroidManifest.xml:89:9-94:20
	android:screenOrientation
		ADDED from src/main/AndroidManifest.xml:92:13-49
	android:configChanges
		ADDED from src/main/AndroidManifest.xml:91:13-63
	android:theme
		ADDED from src/main/AndroidManifest.xml:93:13-60
	android:name
		ADDED from src/main/AndroidManifest.xml:90:13-56
activity#com.mogujie.tt.ui.activity.PreviewTextActivity
ADDED from src/main/AndroidManifest.xml:95:9-99:20
	android:screenOrientation
		ADDED from src/main/AndroidManifest.xml:97:13-49
	android:theme
		ADDED from src/main/AndroidManifest.xml:98:13-60
	android:name
		ADDED from src/main/AndroidManifest.xml:96:13-60
activity#com.mogujie.tt.ui.activity.PreviewGifActivity
ADDED from src/main/AndroidManifest.xml:100:9-104:20
	android:screenOrientation
		ADDED from src/main/AndroidManifest.xml:102:13-49
	android:theme
		ADDED from src/main/AndroidManifest.xml:103:13-60
	android:name
		ADDED from src/main/AndroidManifest.xml:101:13-59
activity#com.mogujie.tt.ui.activity.UserInfoActivity
ADDED from src/main/AndroidManifest.xml:105:9-109:20
	android:screenOrientation
		ADDED from src/main/AndroidManifest.xml:107:13-49
	android:theme
		ADDED from src/main/AndroidManifest.xml:108:13-60
	android:name
		ADDED from src/main/AndroidManifest.xml:106:13-57
activity#com.mogujie.tt.ui.activity.GroupManagermentActivity
ADDED from src/main/AndroidManifest.xml:110:9-114:20
	android:screenOrientation
		ADDED from src/main/AndroidManifest.xml:112:13-49
	android:theme
		ADDED from src/main/AndroidManifest.xml:113:13-60
	android:name
		ADDED from src/main/AndroidManifest.xml:111:13-65
activity#com.mogujie.tt.ui.activity.GroupMemberSelectActivity
ADDED from src/main/AndroidManifest.xml:115:9-120:20
	android:windowSoftInputMode
		ADDED from src/main/AndroidManifest.xml:119:13-56
	android:screenOrientation
		ADDED from src/main/AndroidManifest.xml:117:13-49
	android:theme
		ADDED from src/main/AndroidManifest.xml:118:13-60
	android:name
		ADDED from src/main/AndroidManifest.xml:116:13-66
activity#com.mogujie.tt.ui.activity.SettingActivity
ADDED from src/main/AndroidManifest.xml:121:9-125:20
	android:screenOrientation
		ADDED from src/main/AndroidManifest.xml:123:13-49
	android:theme
		ADDED from src/main/AndroidManifest.xml:124:13-60
	android:name
		ADDED from src/main/AndroidManifest.xml:122:13-56
activity#com.mogujie.tt.ui.activity.SearchActivity
ADDED from src/main/AndroidManifest.xml:126:9-130:20
	android:screenOrientation
		ADDED from src/main/AndroidManifest.xml:128:13-49
	android:theme
		ADDED from src/main/AndroidManifest.xml:129:13-60
	android:name
		ADDED from src/main/AndroidManifest.xml:127:13-55
activity#com.mogujie.tt.ui.activity.WebViewFragmentActivity
ADDED from src/main/AndroidManifest.xml:131:9-142:20
	android:screenOrientation
		ADDED from src/main/AndroidManifest.xml:133:13-49
	android:theme
		ADDED from src/main/AndroidManifest.xml:134:13-60
	android:name
		ADDED from src/main/AndroidManifest.xml:132:13-64
intent-filter#android.intent.action.VIEW+android.intent.category.DEFAULT
ADDED from src/main/AndroidManifest.xml:135:13-141:29
category#android.intent.category.DEFAULT
ADDED from src/main/AndroidManifest.xml:136:17-76
	android:name
		ADDED from src/main/AndroidManifest.xml:136:27-73
action#android.intent.action.VIEW
ADDED from src/main/AndroidManifest.xml:138:17-69
	android:name
		ADDED from src/main/AndroidManifest.xml:138:25-66
data
ADDED from src/main/AndroidManifest.xml:140:17-57
	android:scheme
		ADDED from src/main/AndroidManifest.xml:140:23-54
activity#com.mogujie.tt.ui.activity.DetailPortraitActivity
ADDED from src/main/AndroidManifest.xml:143:9-147:20
	android:screenOrientation
		ADDED from src/main/AndroidManifest.xml:145:13-49
	android:theme
		ADDED from src/main/AndroidManifest.xml:146:13-60
	android:name
		ADDED from src/main/AndroidManifest.xml:144:13-63
activity#com.mogujie.tt.ui.activity.PreviewMessageImagesActivity
ADDED from src/main/AndroidManifest.xml:148:9-152:20
	android:screenOrientation
		ADDED from src/main/AndroidManifest.xml:150:13-49
	android:name
		ADDED from src/main/AndroidManifest.xml:149:13-69
uses-sdk
INJECTED from src/main/AndroidManifest.xml reason: use-sdk injection requested
MERGED from [tt-android:mgimlibs:unspecified] AndroidManifest.xml:7:5-9:41
MERGED from [com.android.support:appcompat-v7:19.1.0] AndroidManifest.xml:18:5-42
	android:targetSdkVersion
		INJECTED from src/main/AndroidManifest.xml
		INJECTED from src/main/AndroidManifest.xml
	android:minSdkVersion
		INJECTED from src/main/AndroidManifest.xml
		INJECTED from src/main/AndroidManifest.xml